BOOTSTRAP OF SNAQ ESTIMATION 

main seed 94551

BEGIN: 10 replicates
Mon Oct 30 14:32:49 2023

begin replicate 1
bootstrap data simulation: seed 16709
estimation, 1 run: seed 39897
(Adi003,Adi002,(Adi001,((Smi165,Age001):0.08728349343553739,((Aru001,Aru127):1.8662815655209064,(((((Ama018,Ama006):0.6874454135498896,(Aza037,#H17:::0.36624482625534655):0.0910045421724795):0.26347888561794924,(Ape001,(Ape009)#H17:::0.6337551737446534):2.5874975238704043):0.10793730307568869,Aza135):1.2979207771346164,((Aga002,Aga001):0.9590110320011618,Asu001):1.2730802329165702):0.09153453976841502):0.47136121421161786):2.409007292874799):0.11997884048692961);

begin replicate 2
bootstrap data simulation: seed 19143
estimation, 1 run: seed 27828
(Adi003,(Adi001,((Smi165,Age001):0.0838011767569271,((Aru001,Aru127):1.8660689274510294,(((((Ama018,Ama006):0.6890207459339059,Aza037):0.1548445204263791,(Ape009,(Ape001)#H17:::0.9184572619071897):1.0860503241374273):0.19717810841236982,Aza135):1.3721432827983882,(((Aga002,Aga001):0.9589997367621289,Asu001):1.1731412694758852,#H17:::0.08154273809281029):0.10398523640190509):0.09088700021541203):0.4770141632987808):2.3982402245529206):0.14963893325776462,Adi002);

begin replicate 3
bootstrap data simulation: seed 41391
estimation, 1 run: seed 54965
(Adi003,Adi002,(Adi001,((((((Aza037,((Ama006,Ama018):0.16113649917162418,#H17:::0.027939726215302697):0.5390079442461467):0.19587764385948694,(Ape001,Ape009):0.7841891347751869):0.16557967232761875,Aza135):1.3140556557515737,((Aga002,Aga001):0.9527435955800745,Asu001):1.262518654858816):0.0991170380470369,(Aru001,Aru127):1.8631757078064843):0.48919878201969863,(Age001,(Smi165)#H17:::0.9720602737846973):0.10010587042521939):2.3882076477148644):0.1350980191112427);

begin replicate 4
bootstrap data simulation: seed 18907
estimation, 1 run: seed 97359
(Adi003,Adi002,(Adi001,((Smi165,Age001):0.07841589708146861,((Aru001,Aru127):1.863795054858624,((((((Ama018,Ama006):0.6943899808671616,Aza037):0.15256682762170531,(Ape009,(Ape001)#H17:::0.9239303987716617):1.038387011625727):0.1956385874368124,Aza135):1.372811935194229,((Aga002,Aga001):0.9421235806513606,Asu001):1.2772474911219334):0.09044151405351512,#H17:::0.07606960122833827):2.1231627208517576e-5):0.4732940059607211):2.410654706737107):0.14290422864277147);

begin replicate 5
bootstrap data simulation: seed 28133
estimation, 1 run: seed 35030
(Adi003,Adi002,(Adi001,((Age001,Smi165):0.08561377565770197,((Aru127,Aru001):1.8704674101634573,((Aza135,(((Ama018,Ama006):0.6952542724033631,Aza037):0.1645805542086615,(Ape009,(Ape001)#H17:::0.9475376036212374):0.9628563998714632):0.1907220961240429):1.3569438419107898,((Asu001,(Aga002,Aga001):0.9534794710018847):0.11291550332005243,#H17:::0.05246239637876256):1.176821258629296):0.08325165381673122):0.4723998430813769):2.396364492491807):0.13521068243956252);

begin replicate 6
bootstrap data simulation: seed 27958
estimation, 1 run: seed 43457
(Adi003,Adi002,(Adi001,((Smi165,Age001):0.0867667425983608,((((Aga002,Aga001):0.9476775067563402,Asu001):1.2096486842058949,((Aza135,((Ape009,Ape001):0.7872444225680336,((Ama018,Ama006):0.7056311561687347,Aza037):0.19134775624967118):0.15369879632163724):0.7057589781468894)#H17:1.1266864398259024::0.842563775981596):0.18558628328355573,((Aru001,Aru127):0.9965595616060389,#H17:10.0::0.1574362240184039):1.0804396969686438):0.40196709402649444):2.396109096930998):0.13505594399691562);

begin replicate 7
bootstrap data simulation: seed 59302
estimation, 1 run: seed 97871
((Adi003,Adi002):0.1311926362954611,((Smi165,(Age001,#H17:0.0::0.1994434817890728):0.0007366646663307222):0.04473364281338363,((Aru001,Aru127):1.8258202913883879,(((((Ama018,Ama006):0.7081404881775553,Aza037):0.19964305355444692,(Ape001,Ape009):0.792625845949555):0.1578167458800494,Aza135):1.189531175647334,((Asu001,(Aga002,Aga001):0.957276653535663):0.9149341439794372)#H17:0.885537674615216::0.8005565182109272):0.18864305822199937):0.5541258006077394):2.402222341128934,Adi001);

begin replicate 8
bootstrap data simulation: seed 69433
estimation, 1 run: seed 93572
(Adi003,Adi002,(Adi001,((Smi165,Age001):0.08002040079226296,((Aru001,Aru127):1.8635775409226831,(((((Ama018,Ama006):0.6987415535250319,(Aza037,#H17:::0.3798548232718996):0.09175781902606457):0.25892868882383857,(Ape001,(Ape009)#H17:::0.6201451767281003):2.8887099334405772):0.10548303002571285,Aza135):1.2931732506227218,((Aga002,Aga001):0.9352650017847275,Asu001):1.2710417187996068):0.09151749593951047):0.4726853008079787):2.4111521829427756):0.14425838495745372);

begin replicate 9
bootstrap data simulation: seed 26255
estimation, 1 run: seed 36884
((Adi003,Adi002):0.12383830867482701,((Age001,(Smi165)#H17:::0.9666450599483131):0.10259433516231382,((Aru001,Aru127):1.8656476502927204,((Aza135,((Ape001,Ape009):0.7846905053995807,(((Ama018,Ama006):0.6922987604072334,Aza037):0.0740410072959804,#H17:::0.03335494005168694):0.11960961474295856):0.15976766578339663):1.3233357169398086,((Aga002,Aga001):0.9558613616226875,Asu001):1.2721533201420299):0.09737636433762178):0.49457298652821846):2.3905184975854574,Adi001);

begin replicate 10
bootstrap data simulation: seed 4297
estimation, 1 run: seed 22327
(Adi003,Adi002,(Adi001,((Smi165,Age001):0.08593608321737412,((((((Ama018,(Ama006,#H17:0.0::0.03199704168676171):3.071768704424271e-19):0.6654649600265953,Aza037):0.19908244225634383,(Ape001,Ape009):0.7847081425394585):0.16639418830176583,Aza135):1.2944416012284523,((Aga002,Aga001):0.9458145084514576,Asu001):1.2545006944521664):0.10379138406535798,((Aru001,Aru127):1.6043994118142362)#H17:0.28191442348918505::0.9680029583132383):0.4601671690048421):2.3987511765420706):0.12069342160457125);
